c:\users\kk\desktop\hackıng_stuff\cd_tray\cd tray\debug\vc120.pdb
c:\users\kk\desktop\hackıng_stuff\cd_tray\cd tray\debug\vc120.ıdb
c:\users\kk\desktop\hackıng_stuff\cd_tray\cd tray\debug\source.obj
c:\users\kk\desktop\hackıng_stuff\cd_tray\debug\cd tray.ılk
c:\users\kk\desktop\hackıng_stuff\cd_tray\debug\cd tray.exe
c:\users\kk\desktop\hackıng_stuff\cd_tray\debug\cd tray.pdb
c:\users\kk\desktop\hackıng_stuff\cd_tray\cd tray\debug\resource.res
c:\users\kk\desktop\hacking_stuff\cd_tray\cd tray\debug\source.obj
c:\users\kk\desktop\hacking_stuff\cd_tray\cd tray\debug\resource.res
c:\users\kk\desktop\hacking_stuff\cd_tray\cd tray\debug\vc120.idb
c:\users\kk\desktop\hacking_stuff\cd_tray\cd tray\debug\vc120.pdb
c:\users\kk\desktop\hacking_stuff\cd_tray\debug\cd tray.pdb
c:\users\kk\desktop\hacking_stuff\cd_tray\debug\cd tray.exe
c:\users\kk\desktop\hacking_stuff\cd_tray\debug\cd tray.ilk
c:\users\kk\desktop\hacking_stuff\cd_tray\cd tray\debug\cd tray.tlog\cl.command.1.tlog
c:\users\kk\desktop\hacking_stuff\cd_tray\cd tray\debug\cd tray.tlog\cl.read.1.tlog
c:\users\kk\desktop\hacking_stuff\cd_tray\cd tray\debug\cd tray.tlog\cl.write.1.tlog
c:\users\kk\desktop\hacking_stuff\cd_tray\cd tray\debug\cd tray.tlog\link.command.1.tlog
c:\users\kk\desktop\hacking_stuff\cd_tray\cd tray\debug\cd tray.tlog\link.read.1.tlog
c:\users\kk\desktop\hacking_stuff\cd_tray\cd tray\debug\cd tray.tlog\link.write.1.tlog
c:\users\kk\desktop\hacking_stuff\cd_tray\cd tray\debug\cd tray.tlog\rc.command.1.tlog
c:\users\kk\desktop\hacking_stuff\cd_tray\cd tray\debug\cd tray.tlog\rc.read.1.tlog
c:\users\kk\desktop\hacking_stuff\cd_tray\cd tray\debug\cd tray.tlog\rc.write.1.tlog
