Build started 06.06.2019 15:13:39.
     1>Project "C:\Users\KK\Desktop\Hacking_Stuff\Yeni klasör\CD_Tray\CD tray\CD tray.vcxproj" on node 2 (Build target(s)).
     1>InitializeBuildStatus:
         Creating "Release\CD tray.tlog\unsuccessfulbuild" because "AlwaysCreate" was specified.
       ClCompile:
         C:\Program Files (x86)\Microsoft Visual Studio 12.0\VC\bin\CL.exe /c /Zi /nologo /W3 /WX- /sdl /O2 /Oi /Oy- /GL /D "WIN32" /D NDEBUG /D _CONSOLE /D "_LIB" /D _MBCS /Gm- /EHsc /MD /GS /Gy /fp:precise /Zc:wchar_t /Zc:forScope /Fo"Release\\" /Fd"Release\vc120.pdb" /Gd /TP /analyze- /errorReport:prompt Source.cpp
         Source.cpp
       ResourceCompile:
         C:\Program Files (x86)\Windows Kits\8.1\bin\x86\rc.exe /l"0x0409" /nologo /fo"Release\Resource.res" Resource.rc 
       Link:
         C:\Program Files (x86)\Microsoft Visual Studio 12.0\VC\bin\link.exe /ERRORREPORT:PROMPT /OUT:"C:\Users\KK\Desktop\Hacking_Stuff\Yeni klasör\CD_Tray\Release\CD tray.exe" /INCREMENTAL:NO /NOLOGO kernel32.lib user32.lib gdi32.lib winspool.lib comdlg32.lib advapi32.lib shell32.lib ole32.lib oleaut32.lib uuid.lib odbc32.lib odbccp32.lib /MANIFEST /MANIFESTUAC:"level='asInvoker' uiAccess='false'" /manifest:embed /DEBUG /PDB:"C:\Users\KK\Desktop\Hacking_Stuff\Yeni klasör\CD_Tray\Release\CD tray.pdb" /SUBSYSTEM:CONSOLE /OPT:REF /OPT:ICF /LTCG /TLBID:1 /DYNAMICBASE /NXCOMPAT /IMPLIB:"C:\Users\KK\Desktop\Hacking_Stuff\Yeni klasör\CD_Tray\Release\CD tray.lib" /MACHINE:X86 /SAFESEH Release\Resource.res
         Release\Source.obj
         Generating code
         Finished generating code
         CD tray.vcxproj -> C:\Users\KK\Desktop\Hacking_Stuff\Yeni klasör\CD_Tray\Release\CD tray.exe
       FinalizeBuildStatus:
         Deleting file "Release\CD tray.tlog\unsuccessfulbuild".
         Touching "Release\CD tray.tlog\CD tray.lastbuildstate".
     1>Done Building Project "C:\Users\KK\Desktop\Hacking_Stuff\Yeni klasör\CD_Tray\CD tray\CD tray.vcxproj" (Build target(s)).

Build succeeded.

Time Elapsed 00:00:01.34
